2025-09-20 00:34:25,249 [INFO] Loading staged file: data\staging\samplepassengers_csv__20250919T190420Z.parquet
2025-09-20 00:34:25,314 [INFO] Cleaning data...
2025-09-20 00:34:25,319 [INFO] Feature engineering...
2025-09-20 00:34:25,323 [INFO] Generating data quality report...
2025-09-20 00:34:27,836 [INFO] Generating HTML dashboard report: data\processed\reports\samplepassengers_csv__report__20250919T190427Z.html
2025-09-20 00:34:37,236 [INFO] Loading staged file: data\staging\sampleretail_csv__20250919T190432Z.parquet
2025-09-20 00:34:37,434 [INFO] Cleaning data...
2025-09-20 00:34:37,895 [INFO] Feature engineering...
2025-09-20 00:34:37,915 [INFO] Generating data quality report...
2025-09-20 00:34:43,503 [INFO] Generating HTML dashboard report: data\processed\reports\sampleretail_csv__report__20250919T190443Z.html
2025-09-20 00:35:06,402 [INFO] Loading staged file: data\staging\samplepowercons_csv__20250919T190502Z.parquet
2025-09-20 00:35:06,504 [INFO] Cleaning data...
2025-09-20 00:35:06,513 [INFO] Feature engineering...
2025-09-20 00:35:06,517 [INFO] Generating data quality report...
2025-09-20 00:35:08,623 [INFO] Generating HTML dashboard report: data\processed\reports\samplepowercons_csv__report__20250919T190508Z.html
2025-09-20 00:35:19,575 [INFO] Loading staged file: data\staging\api_cryptodata__20250919T190515Z.parquet
2025-09-20 00:35:19,651 [INFO] Cleaning data...
2025-09-20 00:35:19,688 [INFO] Feature engineering...
2025-09-20 00:35:19,694 [INFO] Generating data quality report...
2025-09-20 00:35:21,806 [INFO] Generating HTML dashboard report: data\processed\reports\api_cryptodata__report__20250919T190521Z.html
2025-09-20 00:39:28,301 [INFO] Loading staged file: data\staging\samplepassengers_csv__20250919T190923Z.parquet
2025-09-20 00:39:28,368 [INFO] Cleaning data...
2025-09-20 00:39:28,374 [INFO] Feature engineering...
2025-09-20 00:39:28,377 [INFO] Generating data quality report...
2025-09-20 00:39:30,755 [INFO] Generating HTML dashboard report: data\processed\reports\samplepassengers_csv__report__20250919T190930Z.html
2025-09-20 00:39:40,323 [INFO] Loading staged file: data\staging\sampleretail_csv__20250919T190935Z.parquet
2025-09-20 00:39:40,502 [INFO] Cleaning data...
2025-09-20 00:39:41,091 [INFO] Feature engineering...
2025-09-20 00:39:41,121 [INFO] Generating data quality report...
2025-09-20 00:39:46,996 [INFO] Generating HTML dashboard report: data\processed\reports\sampleretail_csv__report__20250919T190946Z.html
2025-09-20 00:40:10,901 [INFO] Loading staged file: data\staging\samplepowercons_csv__20250919T191006Z.parquet
2025-09-20 00:40:10,967 [INFO] Cleaning data...
2025-09-20 00:40:10,976 [INFO] Feature engineering...
2025-09-20 00:40:10,981 [INFO] Generating data quality report...
2025-09-20 00:40:13,127 [INFO] Generating HTML dashboard report: data\processed\reports\samplepowercons_csv__report__20250919T191013Z.html
2025-09-20 00:40:24,136 [INFO] Loading staged file: data\staging\api_cryptodata__20250919T191019Z.parquet
2025-09-20 00:40:24,210 [INFO] Cleaning data...
2025-09-20 00:40:24,249 [INFO] Feature engineering...
2025-09-20 00:40:24,255 [INFO] Generating data quality report...
2025-09-20 00:40:26,367 [INFO] Generating HTML dashboard report: data\processed\reports\api_cryptodata__report__20250919T191026Z.html
2025-09-20 10:16:36,895 [INFO] Loading staged file: data\staging\samplepassengers_csv__20250920T044554Z.parquet
2025-09-20 10:16:38,050 [INFO] Cleaning data...
2025-09-20 10:16:38,057 [INFO] Feature engineering...
2025-09-20 10:16:38,062 [INFO] Generating data quality report...
2025-09-20 10:16:41,192 [INFO] Generating HTML dashboard report: data\processed\reports\samplepassengers_csv__report__20250920T044641Z.html
2025-09-20 10:16:49,969 [INFO] Loading staged file: data\staging\sampleretail_csv__20250920T044647Z.parquet
2025-09-20 10:16:50,081 [INFO] Cleaning data...
2025-09-20 10:16:50,331 [INFO] Feature engineering...
2025-09-20 10:16:50,347 [INFO] Generating data quality report...
2025-09-20 10:16:55,260 [INFO] Generating HTML dashboard report: data\processed\reports\sampleretail_csv__report__20250920T044655Z.html
2025-09-20 10:17:13,895 [INFO] Loading staged file: data\staging\samplepowercons_csv__20250920T044711Z.parquet
2025-09-20 10:17:13,943 [INFO] Cleaning data...
2025-09-20 10:17:13,948 [INFO] Feature engineering...
2025-09-20 10:17:13,950 [INFO] Generating data quality report...
2025-09-20 10:17:15,700 [INFO] Generating HTML dashboard report: data\processed\reports\samplepowercons_csv__report__20250920T044715Z.html
2025-09-20 10:17:23,330 [INFO] Loading staged file: data\staging\api_cryptodata__20250920T044720Z.parquet
2025-09-20 10:17:23,382 [INFO] Cleaning data...
2025-09-20 10:17:23,402 [INFO] Feature engineering...
2025-09-20 10:17:23,405 [INFO] Generating data quality report...
2025-09-20 10:17:25,154 [INFO] Generating HTML dashboard report: data\processed\reports\api_cryptodata__report__20250920T044725Z.html
2025-09-20 10:17:43,451 [INFO] Loading staged file: data\staging\imdb_top__20250920T044741Z.parquet
2025-09-20 10:17:43,499 [INFO] Cleaning data...
2025-09-20 10:17:43,504 [INFO] Feature engineering...
2025-09-20 10:17:43,505 [INFO] Generating data quality report...
2025-09-20 10:17:45,189 [INFO] Generating HTML dashboard report: data\processed\reports\imdb_top__report__20250920T044745Z.html
2025-09-20 10:40:30,348 [INFO] Loading staged file: data\staging\samplepassengers_csv__20250920T051027Z.parquet
2025-09-20 10:40:30,387 [INFO] Cleaning data...
2025-09-20 10:40:30,390 [INFO] Feature engineering...
2025-09-20 10:40:30,392 [INFO] Generating data quality report...
2025-09-20 10:40:32,308 [INFO] Generating HTML dashboard report: data\processed\reports\samplepassengers_csv__report__20250920T051032Z.html
2025-09-20 10:40:37,639 [INFO] Loading staged file: data\staging\sampleretail_csv__20250920T051034Z.parquet
2025-09-20 10:40:37,743 [INFO] Cleaning data...
2025-09-20 10:40:38,000 [INFO] Feature engineering...
2025-09-20 10:40:38,013 [INFO] Generating data quality report...
2025-09-20 10:40:41,424 [INFO] Generating HTML dashboard report: data\processed\reports\sampleretail_csv__report__20250920T051041Z.html
2025-09-20 10:40:53,806 [INFO] Loading staged file: data\staging\samplepowercons_csv__20250920T051050Z.parquet
2025-09-20 10:40:53,856 [INFO] Cleaning data...
2025-09-20 10:40:53,861 [INFO] Feature engineering...
2025-09-20 10:40:53,864 [INFO] Generating data quality report...
2025-09-20 10:40:55,542 [INFO] Generating HTML dashboard report: data\processed\reports\samplepowercons_csv__report__20250920T051055Z.html
2025-09-20 10:41:02,009 [INFO] Loading staged file: data\staging\api_cryptodata__20250920T051059Z.parquet
2025-09-20 10:41:02,061 [INFO] Cleaning data...
2025-09-20 10:41:02,080 [INFO] Feature engineering...
2025-09-20 10:41:02,083 [INFO] Generating data quality report...
2025-09-20 10:41:03,841 [INFO] Generating HTML dashboard report: data\processed\reports\api_cryptodata__report__20250920T051103Z.html
2025-09-20 10:41:18,535 [INFO] Loading staged file: data\staging\imdb_top__20250920T051115Z.parquet
2025-09-20 10:41:18,583 [INFO] Cleaning data...
2025-09-20 10:41:18,588 [INFO] Feature engineering...
2025-09-20 10:41:18,590 [INFO] Generating data quality report...
2025-09-20 10:41:20,198 [INFO] Generating HTML dashboard report: data\processed\reports\imdb_top__report__20250920T051120Z.html
